mode: atomic
github.com/tonto/kit/http/adapter/cors.go:16.48,18.25 2 8
github.com/tonto/kit/http/adapter/cors.go:21.2,21.51 1 8
github.com/tonto/kit/http/adapter/cors.go:18.25,20.3 1 11
github.com/tonto/kit/http/adapter/cors.go:21.51,22.78 1 8
github.com/tonto/kit/http/adapter/cors.go:22.78,23.26 1 8
github.com/tonto/kit/http/adapter/cors.go:40.4,40.29 1 8
github.com/tonto/kit/http/adapter/cors.go:65.4,65.14 1 1
github.com/tonto/kit/http/adapter/cors.go:23.26,25.35 2 5
github.com/tonto/kit/http/adapter/cors.go:35.5,35.22 1 5
github.com/tonto/kit/http/adapter/cors.go:25.35,26.18 1 5
github.com/tonto/kit/http/adapter/cors.go:30.6,30.21 1 2
github.com/tonto/kit/http/adapter/cors.go:26.18,28.12 2 3
github.com/tonto/kit/http/adapter/cors.go:30.21,32.12 2 2
github.com/tonto/kit/http/adapter/cors.go:35.22,37.6 1 5
github.com/tonto/kit/http/adapter/cors.go:40.29,42.22 2 7
github.com/tonto/kit/http/adapter/cors.go:45.5,48.22 3 7
github.com/tonto/kit/http/adapter/cors.go:51.5,54.18 3 7
github.com/tonto/kit/http/adapter/cors.go:57.5,62.11 4 7
github.com/tonto/kit/http/adapter/cors.go:42.22,44.6 1 6
github.com/tonto/kit/http/adapter/cors.go:48.22,50.6 1 6
github.com/tonto/kit/http/adapter/cors.go:54.18,56.6 1 6
github.com/tonto/kit/http/adapter/cors.go:78.57,79.28 1 8
github.com/tonto/kit/http/adapter/cors.go:79.28,81.3 1 8
github.com/tonto/kit/http/adapter/cors.go:85.57,86.28 1 1
github.com/tonto/kit/http/adapter/cors.go:86.28,87.31 1 1
github.com/tonto/kit/http/adapter/cors.go:90.3,90.53 1 1
github.com/tonto/kit/http/adapter/cors.go:87.31,89.4 1 3
github.com/tonto/kit/http/adapter/cors.go:95.57,96.28 1 1
github.com/tonto/kit/http/adapter/cors.go:96.28,97.29 1 1
github.com/tonto/kit/http/adapter/cors.go:100.3,100.53 1 1
github.com/tonto/kit/http/adapter/cors.go:97.29,99.4 1 2
github.com/tonto/kit/http/adapter/cors.go:105.41,106.28 1 1
github.com/tonto/kit/http/adapter/cors.go:106.28,108.3 1 1
github.com/tonto/kit/http/adapter/jwtauth.go:43.82,44.51 1 8
github.com/tonto/kit/http/adapter/jwtauth.go:44.51,45.80 1 8
github.com/tonto/kit/http/adapter/jwtauth.go:45.80,47.16 2 8
github.com/tonto/kit/http/adapter/jwtauth.go:55.4,56.32 2 7
github.com/tonto/kit/http/adapter/jwtauth.go:64.4,67.18 3 6
github.com/tonto/kit/http/adapter/jwtauth.go:72.4,72.72 1 5
github.com/tonto/kit/http/adapter/jwtauth.go:80.4,80.55 1 4
github.com/tonto/kit/http/adapter/jwtauth.go:47.16,53.5 2 1
github.com/tonto/kit/http/adapter/jwtauth.go:56.32,62.5 2 1
github.com/tonto/kit/http/adapter/jwtauth.go:67.18,70.5 2 1
github.com/tonto/kit/http/adapter/jwtauth.go:72.72,78.5 2 1
github.com/tonto/kit/http/adapter/jwtauth.go:85.91,86.73 1 6
github.com/tonto/kit/http/adapter/jwtauth.go:95.2,95.16 1 6
github.com/tonto/kit/http/adapter/jwtauth.go:99.2,99.59 1 5
github.com/tonto/kit/http/adapter/jwtauth.go:103.2,103.59 1 0
github.com/tonto/kit/http/adapter/jwtauth.go:86.73,89.37 1 6
github.com/tonto/kit/http/adapter/jwtauth.go:92.3,92.18 1 5
github.com/tonto/kit/http/adapter/jwtauth.go:89.37,91.4 1 1
github.com/tonto/kit/http/adapter/jwtauth.go:95.16,97.3 1 1
github.com/tonto/kit/http/adapter/jwtauth.go:99.59,101.3 1 5
